<?xml version="1.0" encoding="UTF-8"?>
<!-- Generated by org.testng.reporters.JUnitReportReporter -->
<testsuite hostname="LMIPL-031" failures="0" tests="1" name="com.shopping.testcase.VerificationSearch" time="7.136" errors="0" timestamp="06 Feb 2018 10:15:36 GMT" skipped="0">
  <testcase classname="com.shopping.testcase.VerificationSearch" name="Searching" time="7.136"/>
</testsuite> <!-- com.shopping.testcase.VerificationSearch -->
